Arguments: 
  /home/ilteoood/.nvm/versions/node/v16.15.1/bin/node /home/ilteoood/.nvm/versions/node/v16.15.1/bin/yarn test

PATH: 
  /home/ilteoood/.krew/bin:/home/ilteoood/.krew/bin:/home/ilteoood/.krew/bin:/home/ilteoood/.cargo/bin:/home/ilteoood/.nvm/versions/node/v16.15.1/bin:/home/ilteoood/.local/bin:/home/ilteoood/bin:/usr/local/bin:/usr/local/sbin:/usr/bin:/usr/sbin:/var/lib/snapd/snap/bin

Yarn version: 
  1.22.18

Node version: 
  16.15.1

Platform: 
  linux x64

Trace: 
  Invariant Violation: Script must exist
      at invariant (/home/ilteoood/.nvm/versions/node/v16.15.1/lib/node_modules/yarn/lib/cli.js:2314:15)
      at /home/ilteoood/.nvm/versions/node/v16.15.1/lib/node_modules/yarn/lib/cli.js:61537:11
      at Generator.next (<anonymous>)
      at step (/home/ilteoood/.nvm/versions/node/v16.15.1/lib/node_modules/yarn/lib/cli.js:310:30)
      at /home/ilteoood/.nvm/versions/node/v16.15.1/lib/node_modules/yarn/lib/cli.js:328:14
      at new Promise (<anonymous>)
      at new F (/home/ilteoood/.nvm/versions/node/v16.15.1/lib/node_modules/yarn/lib/cli.js:5301:28)
      at /home/ilteoood/.nvm/versions/node/v16.15.1/lib/node_modules/yarn/lib/cli.js:307:12
      at realRunCommand (/home/ilteoood/.nvm/versions/node/v16.15.1/lib/node_modules/yarn/lib/cli.js:61622:23)
      at action.action (/home/ilteoood/.nvm/versions/node/v16.15.1/lib/node_modules/yarn/lib/cli.js:61683:16)

npm manifest: 
  {
    "name": "mia_template_service_name_placeholder",
    "version": "1.0.0",
    "private": true,
    "scripts": {
      "build": "rollup -c",
      "dev": "rollup -c -w",
      "start": "sirv public --no-clear",
      "lint": "eslint src --ext .js,.svelte",
      "test": "",
      "coverage": ""
    },
    "devDependencies": {
      "@rollup/plugin-commonjs": "^22.0.0",
      "@rollup/plugin-node-resolve": "^13.3.0",
      "eslint": "^8.17.0",
      "eslint-config-standard": "^17.0.0",
      "eslint-plugin-import": "^2.26.0",
      "eslint-plugin-n": "^15.2.1",
      "eslint-plugin-promise": "^6.0.0",
      "eslint-plugin-standard": "^5.0.0",
      "eslint-plugin-svelte3": "^4.0.0",
      "rollup": "^2.75.6",
      "rollup-plugin-css-only": "^3.1.0",
      "rollup-plugin-livereload": "^2.0.5",
      "rollup-plugin-svelte": "^7.1.0",
      "rollup-plugin-terser": "^7.0.2",
      "svelte": "^3.48.0"
    },
    "dependencies": {
      "sirv-cli": "^2.0.2"
    }
  }

yarn manifest: 
  No manifest

Lockfile: 
  No lockfile
